Arguments: 
  /home/jazzari/.nvm/versions/node/v14.16.0/bin/node /usr/share/yarn/bin/yarn.js add express bycrypjs mongo mongoose jsonwebtoken

PATH: 
  /home/jazzari/.nvm/versions/node/v14.16.0/bin:/usr/local/sbin:/usr/local/bin:/usr/sbin:/usr/bin:/sbin:/bin:/usr/games:/usr/local/games:/snap/bin:/snap/bin:/home/jazzari/Android/Sdk/tools:/home/jazzari/Android/Sdk/tools/bin:/home/jazzari/Android/Sdk/platform-tools:/home/jazzari/Android/Sdk/emulator:/home/jazzari/Android/Sdk/tools:/home/jazzari/Android/Sdk/tools/bin:/home/jazzari/Android/Sdk/platform-tools:/home/jazzari/Android/Sdk/emulator:/home/jazzari/Android/Sdk/tools:/home/jazzari/Android/Sdk/tools/bin:/home/jazzari/Android/Sdk/platform-tools:/home/jazzari/Android/Sdk/emulator:/home/jazzari/Android/Sdk/tools:/home/jazzari/Android/Sdk/tools/bin:/home/jazzari/Android/Sdk/platform-tools:/home/jazzari/Android/Sdk/emulator

Yarn version: 
  1.22.5

Node version: 
  14.16.0

Platform: 
  linux x64

Trace: 
  Error: https://registry.yarnpkg.com/bycrypjs: Not found
      at Request.params.callback [as _callback] (/usr/share/yarn/lib/cli.js:66988:18)
      at Request.self.callback (/usr/share/yarn/lib/cli.js:140749:22)
      at Request.emit (events.js:315:20)
      at Request.<anonymous> (/usr/share/yarn/lib/cli.js:141721:10)
      at Request.emit (events.js:315:20)
      at IncomingMessage.<anonymous> (/usr/share/yarn/lib/cli.js:141643:12)
      at Object.onceWrapper (events.js:421:28)
      at IncomingMessage.emit (events.js:327:22)
      at endReadableNT (internal/streams/readable.js:1327:12)
      at processTicksAndRejections (internal/process/task_queues.js:80:21)

npm manifest: 
  {
    "name": "server",
    "version": "1.0.0",
    "description": "",
    "main": "index.js",
    "scripts": {
      "test": "echo \"Error: no test specified\" && exit 1"
    },
    "author": "",
    "license": "ISC"
  }

yarn manifest: 
  No manifest

Lockfile: 
  No lockfile
